<?xml version="1.0" encoding="UTF-8"?>
<testsuite xmlns:xsi="http://www.w3.org/2001/XMLSchema-instance" xsi:noNamespaceSchemaLocation="https://maven.apache.org/surefire/maven-surefire-plugin/xsd/surefire-test-report.xsd" name="com.edev.trade.customer.web.CustomerMvcTest" time="4.28" tests="4" errors="0" skipped="0" failures="0">
  <properties>
    <property name="sun.desktop" value="windows"/>
    <property name="awt.toolkit" value="sun.awt.windows.WToolkit"/>
    <property name="file.encoding.pkg" value="sun.io"/>
    <property name="java.specification.version" value="1.8"/>
    <property name="sun.cpu.isalist" value="amd64"/>
    <property name="sun.jnu.encoding" value="GBK"/>
    <property name="java.class.path" value="C:\Development\idea\edev\edev-alibaba-trade\edev-alibaba-trade-customer\target\test-classes;C:\Development\idea\edev\edev-alibaba-trade\edev-alibaba-trade-customer\target\classes;C:\Users\fangang\.m2\repository\org\springframework\cloud\spring-cloud-starter-contract-verifier\2.1.0.RELEASE\spring-cloud-starter-contract-verifier-2.1.0.RELEASE.jar;C:\Users\fangang\.m2\repository\org\springframework\cloud\spring-cloud-contract-verifier\2.1.0.RELEASE\spring-cloud-contract-verifier-2.1.0.RELEASE.jar;C:\Users\fangang\.m2\repository\org\springframework\cloud\spring-cloud-contract-spec\2.1.0.RELEASE\spring-cloud-contract-spec-2.1.0.RELEASE.jar;C:\Users\fangang\.m2\repository\dk\brics\automaton\automaton\1.11-8\automaton-1.11-8.jar;C:\Users\fangang\.m2\repository\org\apache\commons\commons-text\1.6\commons-text-1.6.jar;C:\Users\fangang\.m2\repository\com\fasterxml\jackson\core\jackson-databind\2.9.10.3\jackson-databind-2.9.10.3.jar;C:\Users\fangang\.m2\repository\com\fasterxml\jackson\core\jackson-annotations\2.9.10\jackson-annotations-2.9.10.jar;C:\Users\fangang\.m2\repository\javax\inject\javax.inject\1\javax.inject-1.jar;C:\Users\fangang\.m2\repository\com\github\tomakehurst\wiremock-standalone\2.20.0\wiremock-standalone-2.20.0.jar;C:\Users\fangang\.m2\repository\com\rackspace\eclipse\webtools\sourceediting\org.eclipse.wst.xml.xpath2.processor\2.1.100\org.eclipse.wst.xml.xpath2.processor-2.1.100.jar;C:\Users\fangang\.m2\repository\edu\princeton\cup\java-cup\10k\java-cup-10k.jar;C:\Users\fangang\.m2\repository\com\ibm\icu\icu4j\4.6\icu4j-4.6.jar;C:\Users\fangang\.m2\repository\org\codehaus\groovy\groovy\2.5.9\groovy-2.5.9.jar;C:\Users\fangang\.m2\repository\org\codehaus\groovy\groovy-nio\2.5.9\groovy-nio-2.5.9.jar;C:\Users\fangang\.m2\repository\org\codehaus\groovy\groovy-json\2.5.9\groovy-json-2.5.9.jar;C:\Users\fangang\.m2\repository\org\codehaus\groovy\groovy-xml\2.5.9\groovy-xml-2.5.9.jar;C:\Users\fangang\.m2\repository\com\github\jknack\handlebars\4.1.2\handlebars-4.1.2.jar;C:\Users\fangang\.m2\repository\commons-beanutils\commons-beanutils\1.9.3\commons-beanutils-1.9.3.jar;C:\Users\fangang\.m2\repository\commons-logging\commons-logging\1.2\commons-logging-1.2.jar;C:\Users\fangang\.m2\repository\commons-collections\commons-collections\3.2.2\commons-collections-3.2.2.jar;C:\Users\fangang\.m2\repository\org\yaml\snakeyaml\1.23\snakeyaml-1.23.jar;C:\Users\fangang\.m2\repository\com\fasterxml\jackson\dataformat\jackson-dataformat-yaml\2.9.10\jackson-dataformat-yaml-2.9.10.jar;C:\Users\fangang\.m2\repository\org\junit\jupiter\junit-jupiter-api\5.3.2\junit-jupiter-api-5.3.2.jar;C:\Users\fangang\.m2\repository\org\apiguardian\apiguardian-api\1.0.0\apiguardian-api-1.0.0.jar;C:\Users\fangang\.m2\repository\org\opentest4j\opentest4j\1.1.1\opentest4j-1.1.1.jar;C:\Users\fangang\.m2\repository\org\junit\platform\junit-platform-commons\1.3.2\junit-platform-commons-1.3.2.jar;C:\Users\fangang\.m2\repository\io\rest-assured\rest-assured\3.1.1\rest-assured-3.1.1.jar;C:\Users\fangang\.m2\repository\org\apache\httpcomponents\httpclient\4.5.11\httpclient-4.5.11.jar;C:\Users\fangang\.m2\repository\org\apache\httpcomponents\httpcore\4.4.13\httpcore-4.4.13.jar;C:\Users\fangang\.m2\repository\org\apache\httpcomponents\httpmime\4.5.11\httpmime-4.5.11.jar;C:\Users\fangang\.m2\repository\org\ccil\cowan\tagsoup\tagsoup\1.2.1\tagsoup-1.2.1.jar;C:\Users\fangang\.m2\repository\io\rest-assured\json-path\3.1.1\json-path-3.1.1.jar;C:\Users\fangang\.m2\repository\io\rest-assured\rest-assured-common\3.1.1\rest-assured-common-3.1.1.jar;C:\Users\fangang\.m2\repository\io\rest-assured\xml-path\3.1.1\xml-path-3.1.1.jar;C:\Users\fangang\.m2\repository\org\apache\commons\commons-lang3\3.8.1\commons-lang3-3.8.1.jar;C:\Users\fangang\.m2\repository\javax\xml\bind\jaxb-api\2.3.1\jaxb-api-2.3.1.jar;C:\Users\fangang\.m2\repository\javax\activation\javax.activation-api\1.2.0\javax.activation-api-1.2.0.jar;C:\Users\fangang\.m2\repository\io\rest-assured\spring-mock-mvc\3.1.1\spring-mock-mvc-3.1.1.jar;C:\Users\fangang\.m2\repository\com\toomuchcoding\jsonassert\jsonassert\0.4.13\jsonassert-0.4.13.jar;C:\Users\fangang\.m2\repository\cglib\cglib\3.2.9\cglib-3.2.9.jar;C:\Users\fangang\.m2\repository\org\ow2\asm\asm\7.0\asm-7.0.jar;C:\Users\fangang\.m2\repository\org\apache\ant\ant\1.10.3\ant-1.10.3.jar;C:\Users\fangang\.m2\repository\org\apache\ant\ant-launcher\1.10.3\ant-launcher-1.10.3.jar;C:\Users\fangang\.m2\repository\com\alibaba\cloud\spring-cloud-starter-alibaba-nacos-discovery\2.1.4.RELEASE\spring-cloud-starter-alibaba-nacos-discovery-2.1.4.RELEASE.jar;C:\Users\fangang\.m2\repository\com\alibaba\cloud\spring-cloud-alibaba-commons\2.1.4.RELEASE\spring-cloud-alibaba-commons-2.1.4.RELEASE.jar;C:\Users\fangang\.m2\repository\com\alibaba\nacos\nacos-client\1.4.1\nacos-client-1.4.1.jar;C:\Users\fangang\.m2\repository\com\alibaba\nacos\nacos-common\1.4.1\nacos-common-1.4.1.jar;C:\Users\fangang\.m2\repository\commons-io\commons-io\2.2\commons-io-2.2.jar;C:\Users\fangang\.m2\repository\org\apache\httpcomponents\httpasyncclient\4.1.4\httpasyncclient-4.1.4.jar;C:\Users\fangang\.m2\repository\org\apache\httpcomponents\httpcore-nio\4.4.13\httpcore-nio-4.4.13.jar;C:\Users\fangang\.m2\repository\com\alibaba\nacos\nacos-api\1.4.1\nacos-api-1.4.1.jar;C:\Users\fangang\.m2\repository\com\google\guava\guava\24.1.1-jre\guava-24.1.1-jre.jar;C:\Users\fangang\.m2\repository\com\google\code\findbugs\jsr305\1.3.9\jsr305-1.3.9.jar;C:\Users\fangang\.m2\repository\org\checkerframework\checker-compat-qual\2.0.0\checker-compat-qual-2.0.0.jar;C:\Users\fangang\.m2\repository\com\google\errorprone\error_prone_annotations\2.1.3\error_prone_annotations-2.1.3.jar;C:\Users\fangang\.m2\repository\com\google\j2objc\j2objc-annotations\1.1\j2objc-annotations-1.1.jar;C:\Users\fangang\.m2\repository\org\codehaus\mojo\animal-sniffer-annotations\1.14\animal-sniffer-annotations-1.14.jar;C:\Users\fangang\.m2\repository\commons-codec\commons-codec\1.11\commons-codec-1.11.jar;C:\Users\fangang\.m2\repository\com\fasterxml\jackson\core\jackson-core\2.9.10\jackson-core-2.9.10.jar;C:\Users\fangang\.m2\repository\io\prometheus\simpleclient\0.5.0\simpleclient-0.5.0.jar;C:\Users\fangang\.m2\repository\com\alibaba\spring\spring-context-support\1.0.10\spring-context-support-1.0.10.jar;C:\Users\fangang\.m2\repository\org\springframework\cloud\spring-cloud-commons\2.1.0.RELEASE\spring-cloud-commons-2.1.0.RELEASE.jar;C:\Users\fangang\.m2\repository\org\springframework\security\spring-security-crypto\5.1.8.RELEASE\spring-security-crypto-5.1.8.RELEASE.jar;C:\Users\fangang\.m2\repository\org\springframework\cloud\spring-cloud-context\2.1.0.RELEASE\spring-cloud-context-2.1.0.RELEASE.jar;C:\Users\fangang\.m2\repository\org\springframework\cloud\spring-cloud-starter-netflix-ribbon\2.1.0.RELEASE\spring-cloud-starter-netflix-ribbon-2.1.0.RELEASE.jar;C:\Users\fangang\.m2\repository\org\springframework\cloud\spring-cloud-netflix-ribbon\2.1.0.RELEASE\spring-cloud-netflix-ribbon-2.1.0.RELEASE.jar;C:\Users\fangang\.m2\repository\org\springframework\cloud\spring-cloud-netflix-archaius\2.1.0.RELEASE\spring-cloud-netflix-archaius-2.1.0.RELEASE.jar;C:\Users\fangang\.m2\repository\org\springframework\cloud\spring-cloud-starter-netflix-archaius\2.1.0.RELEASE\spring-cloud-starter-netflix-archaius-2.1.0.RELEASE.jar;C:\Users\fangang\.m2\repository\commons-configuration\commons-configuration\1.8\commons-configuration-1.8.jar;C:\Users\fangang\.m2\repository\com\netflix\ribbon\ribbon\2.3.0\ribbon-2.3.0.jar;C:\Users\fangang\.m2\repository\com\netflix\ribbon\ribbon-transport\2.3.0\ribbon-transport-2.3.0.jar;C:\Users\fangang\.m2\repository\io\reactivex\rxnetty-contexts\0.4.9\rxnetty-contexts-0.4.9.jar;C:\Users\fangang\.m2\repository\io\reactivex\rxnetty-servo\0.4.9\rxnetty-servo-0.4.9.jar;C:\Users\fangang\.m2\repository\io\reactivex\rxnetty\0.4.9\rxnetty-0.4.9.jar;C:\Users\fangang\.m2\repository\com\netflix\ribbon\ribbon-core\2.3.0\ribbon-core-2.3.0.jar;C:\Users\fangang\.m2\repository\commons-lang\commons-lang\2.6\commons-lang-2.6.jar;C:\Users\fangang\.m2\repository\com\netflix\ribbon\ribbon-httpclient\2.3.0\ribbon-httpclient-2.3.0.jar;C:\Users\fangang\.m2\repository\com\sun\jersey\jersey-client\1.19.1\jersey-client-1.19.1.jar;C:\Users\fangang\.m2\repository\com\sun\jersey\jersey-core\1.19.1\jersey-core-1.19.1.jar;C:\Users\fangang\.m2\repository\javax\ws\rs\jsr311-api\1.1.1\jsr311-api-1.1.1.jar;C:\Users\fangang\.m2\repository\com\sun\jersey\contribs\jersey-apache-client4\1.19.1\jersey-apache-client4-1.19.1.jar;C:\Users\fangang\.m2\repository\com\netflix\servo\servo-core\0.12.21\servo-core-0.12.21.jar;C:\Users\fangang\.m2\repository\com\netflix\netflix-commons\netflix-commons-util\0.3.0\netflix-commons-util-0.3.0.jar;C:\Users\fangang\.m2\repository\com\netflix\ribbon\ribbon-loadbalancer\2.3.0\ribbon-loadbalancer-2.3.0.jar;C:\Users\fangang\.m2\repository\com\netflix\netflix-commons\netflix-statistics\0.1.1\netflix-statistics-0.1.1.jar;C:\Users\fangang\.m2\repository\io\reactivex\rxjava\1.3.8\rxjava-1.3.8.jar;C:\Users\fangang\.m2\repository\com\alibaba\cloud\spring-cloud-starter-alibaba-nacos-config\2.1.4.RELEASE\spring-cloud-starter-alibaba-nacos-config-2.1.4.RELEASE.jar;C:\Users\fangang\.m2\repository\org\springframework\cloud\spring-cloud-starter-openfeign\2.1.0.RELEASE\spring-cloud-starter-openfeign-2.1.0.RELEASE.jar;C:\Users\fangang\.m2\repository\org\springframework\cloud\spring-cloud-starter\2.1.0.RELEASE\spring-cloud-starter-2.1.0.RELEASE.jar;C:\Users\fangang\.m2\repository\org\springframework\security\spring-security-rsa\1.0.7.RELEASE\spring-security-rsa-1.0.7.RELEASE.jar;C:\Users\fangang\.m2\repository\org\bouncycastle\bcpkix-jdk15on\1.60\bcpkix-jdk15on-1.60.jar;C:\Users\fangang\.m2\repository\org\bouncycastle\bcprov-jdk15on\1.60\bcprov-jdk15on-1.60.jar;C:\Users\fangang\.m2\repository\org\springframework\cloud\spring-cloud-openfeign-core\2.1.0.RELEASE\spring-cloud-openfeign-core-2.1.0.RELEASE.jar;C:\Users\fangang\.m2\repository\org\springframework\boot\spring-boot-autoconfigure\2.1.13.RELEASE\spring-boot-autoconfigure-2.1.13.RELEASE.jar;C:\Users\fangang\.m2\repository\org\springframework\boot\spring-boot-starter-aop\2.1.13.RELEASE\spring-boot-starter-aop-2.1.13.RELEASE.jar;C:\Users\fangang\.m2\repository\org\springframework\spring-aop\5.1.14.RELEASE\spring-aop-5.1.14.RELEASE.jar;C:\Users\fangang\.m2\repository\io\github\openfeign\form\feign-form-spring\3.5.0\feign-form-spring-3.5.0.jar;C:\Users\fangang\.m2\repository\io\github\openfeign\form\feign-form\3.5.0\feign-form-3.5.0.jar;C:\Users\fangang\.m2\repository\commons-fileupload\commons-fileupload\1.3.3\commons-fileupload-1.3.3.jar;C:\Users\fangang\.m2\repository\org\springframework\spring-web\5.1.14.RELEASE\spring-web-5.1.14.RELEASE.jar;C:\Users\fangang\.m2\repository\org\springframework\spring-beans\5.1.14.RELEASE\spring-beans-5.1.14.RELEASE.jar;C:\Users\fangang\.m2\repository\io\github\openfeign\feign-core\10.1.0\feign-core-10.1.0.jar;C:\Users\fangang\.m2\repository\io\github\openfeign\feign-slf4j\10.1.0\feign-slf4j-10.1.0.jar;C:\Users\fangang\.m2\repository\org\slf4j\slf4j-api\1.7.30\slf4j-api-1.7.30.jar;C:\Users\fangang\.m2\repository\io\github\openfeign\feign-hystrix\10.1.0\feign-hystrix-10.1.0.jar;C:\Users\fangang\.m2\repository\com\netflix\archaius\archaius-core\0.7.6\archaius-core-0.7.6.jar;C:\Users\fangang\.m2\repository\com\netflix\hystrix\hystrix-core\1.5.18\hystrix-core-1.5.18.jar;C:\Users\fangang\.m2\repository\com\alibaba\cloud\spring-cloud-starter-alibaba-sentinel\2.1.4.RELEASE\spring-cloud-starter-alibaba-sentinel-2.1.4.RELEASE.jar;C:\Users\fangang\.m2\repository\com\alibaba\csp\sentinel-transport-simple-http\1.8.0\sentinel-transport-simple-http-1.8.0.jar;C:\Users\fangang\.m2\repository\com\alibaba\csp\sentinel-transport-common\1.8.0\sentinel-transport-common-1.8.0.jar;C:\Users\fangang\.m2\repository\com\alibaba\csp\sentinel-annotation-aspectj\1.8.0\sentinel-annotation-aspectj-1.8.0.jar;C:\Users\fangang\.m2\repository\com\alibaba\csp\sentinel-core\1.8.0\sentinel-core-1.8.0.jar;C:\Users\fangang\.m2\repository\org\aspectj\aspectjrt\1.9.5\aspectjrt-1.9.5.jar;C:\Users\fangang\.m2\repository\org\aspectj\aspectjweaver\1.9.5\aspectjweaver-1.9.5.jar;C:\Users\fangang\.m2\repository\com\alibaba\csp\sentinel-spring-webflux-adapter\1.8.0\sentinel-spring-webflux-adapter-1.8.0.jar;C:\Users\fangang\.m2\repository\com\alibaba\csp\sentinel-reactor-adapter\1.8.0\sentinel-reactor-adapter-1.8.0.jar;C:\Users\fangang\.m2\repository\com\alibaba\csp\sentinel-spring-webmvc-adapter\1.8.0\sentinel-spring-webmvc-adapter-1.8.0.jar;C:\Users\fangang\.m2\repository\com\alibaba\csp\sentinel-parameter-flow-control\1.8.0\sentinel-parameter-flow-control-1.8.0.jar;C:\Users\fangang\.m2\repository\com\googlecode\concurrentlinkedhashmap\concurrentlinkedhashmap-lru\1.4.2\concurrentlinkedhashmap-lru-1.4.2.jar;C:\Users\fangang\.m2\repository\com\alibaba\csp\sentinel-cluster-server-default\1.8.0\sentinel-cluster-server-default-1.8.0.jar;C:\Users\fangang\.m2\repository\com\alibaba\csp\sentinel-cluster-common-default\1.8.0\sentinel-cluster-common-default-1.8.0.jar;C:\Users\fangang\.m2\repository\io\netty\netty-handler\4.1.45.Final\netty-handler-4.1.45.Final.jar;C:\Users\fangang\.m2\repository\io\netty\netty-common\4.1.45.Final\netty-common-4.1.45.Final.jar;C:\Users\fangang\.m2\repository\io\netty\netty-buffer\4.1.45.Final\netty-buffer-4.1.45.Final.jar;C:\Users\fangang\.m2\repository\io\netty\netty-transport\4.1.45.Final\netty-transport-4.1.45.Final.jar;C:\Users\fangang\.m2\repository\io\netty\netty-resolver\4.1.45.Final\netty-resolver-4.1.45.Final.jar;C:\Users\fangang\.m2\repository\io\netty\netty-codec\4.1.45.Final\netty-codec-4.1.45.Final.jar;C:\Users\fangang\.m2\repository\com\alibaba\csp\sentinel-cluster-client-default\1.8.0\sentinel-cluster-client-default-1.8.0.jar;C:\Users\fangang\.m2\repository\com\alibaba\cloud\spring-cloud-alibaba-sentinel-datasource\2.1.4.RELEASE\spring-cloud-alibaba-sentinel-datasource-2.1.4.RELEASE.jar;C:\Users\fangang\.m2\repository\com\alibaba\csp\sentinel-datasource-nacos\1.8.0\sentinel-datasource-nacos-1.8.0.jar;C:\Users\fangang\.m2\repository\com\alibaba\csp\sentinel-datasource-extension\1.8.0\sentinel-datasource-extension-1.8.0.jar;C:\Users\fangang\.m2\repository\org\springframework\boot\spring-boot-starter-actuator\2.1.13.RELEASE\spring-boot-starter-actuator-2.1.13.RELEASE.jar;C:\Users\fangang\.m2\repository\org\springframework\boot\spring-boot-starter\2.1.13.RELEASE\spring-boot-starter-2.1.13.RELEASE.jar;C:\Users\fangang\.m2\repository\org\springframework\boot\spring-boot\2.1.13.RELEASE\spring-boot-2.1.13.RELEASE.jar;C:\Users\fangang\.m2\repository\org\springframework\boot\spring-boot-starter-logging\2.1.13.RELEASE\spring-boot-starter-logging-2.1.13.RELEASE.jar;C:\Users\fangang\.m2\repository\ch\qos\logback\logback-classic\1.2.3\logback-classic-1.2.3.jar;C:\Users\fangang\.m2\repository\ch\qos\logback\logback-core\1.2.3\logback-core-1.2.3.jar;C:\Users\fangang\.m2\repository\org\apache\logging\log4j\log4j-to-slf4j\2.11.2\log4j-to-slf4j-2.11.2.jar;C:\Users\fangang\.m2\repository\org\apache\logging\log4j\log4j-api\2.11.2\log4j-api-2.11.2.jar;C:\Users\fangang\.m2\repository\org\slf4j\jul-to-slf4j\1.7.30\jul-to-slf4j-1.7.30.jar;C:\Users\fangang\.m2\repository\javax\annotation\javax.annotation-api\1.3.2\javax.annotation-api-1.3.2.jar;C:\Users\fangang\.m2\repository\org\springframework\boot\spring-boot-actuator-autoconfigure\2.1.13.RELEASE\spring-boot-actuator-autoconfigure-2.1.13.RELEASE.jar;C:\Users\fangang\.m2\repository\org\springframework\boot\spring-boot-actuator\2.1.13.RELEASE\spring-boot-actuator-2.1.13.RELEASE.jar;C:\Users\fangang\.m2\repository\org\springframework\spring-context\5.1.14.RELEASE\spring-context-5.1.14.RELEASE.jar;C:\Users\fangang\.m2\repository\org\springframework\spring-expression\5.1.14.RELEASE\spring-expression-5.1.14.RELEASE.jar;C:\Users\fangang\.m2\repository\com\fasterxml\jackson\datatype\jackson-datatype-jsr310\2.9.10\jackson-datatype-jsr310-2.9.10.jar;C:\Users\fangang\.m2\repository\io\micrometer\micrometer-core\1.1.10\micrometer-core-1.1.10.jar;C:\Users\fangang\.m2\repository\org\hdrhistogram\HdrHistogram\2.1.9\HdrHistogram-2.1.9.jar;C:\Users\fangang\.m2\repository\org\latencyutils\LatencyUtils\2.0.3\LatencyUtils-2.0.3.jar;C:\Users\fangang\.m2\repository\org\springframework\boot\spring-boot-starter-test\2.1.13.RELEASE\spring-boot-starter-test-2.1.13.RELEASE.jar;C:\Users\fangang\.m2\repository\org\springframework\boot\spring-boot-test\2.1.13.RELEASE\spring-boot-test-2.1.13.RELEASE.jar;C:\Users\fangang\.m2\repository\org\springframework\boot\spring-boot-test-autoconfigure\2.1.13.RELEASE\spring-boot-test-autoconfigure-2.1.13.RELEASE.jar;C:\Users\fangang\.m2\repository\com\jayway\jsonpath\json-path\2.4.0\json-path-2.4.0.jar;C:\Users\fangang\.m2\repository\net\minidev\json-smart\2.3\json-smart-2.3.jar;C:\Users\fangang\.m2\repository\net\minidev\accessors-smart\1.2\accessors-smart-1.2.jar;C:\Users\fangang\.m2\repository\junit\junit\4.12\junit-4.12.jar;C:\Users\fangang\.m2\repository\org\assertj\assertj-core\3.11.1\assertj-core-3.11.1.jar;C:\Users\fangang\.m2\repository\org\mockito\mockito-core\2.23.4\mockito-core-2.23.4.jar;C:\Users\fangang\.m2\repository\net\bytebuddy\byte-buddy\1.9.16\byte-buddy-1.9.16.jar;C:\Users\fangang\.m2\repository\net\bytebuddy\byte-buddy-agent\1.9.16\byte-buddy-agent-1.9.16.jar;C:\Users\fangang\.m2\repository\org\objenesis\objenesis\2.6\objenesis-2.6.jar;C:\Users\fangang\.m2\repository\org\hamcrest\hamcrest-core\1.3\hamcrest-core-1.3.jar;C:\Users\fangang\.m2\repository\org\hamcrest\hamcrest-library\1.3\hamcrest-library-1.3.jar;C:\Users\fangang\.m2\repository\org\skyscreamer\jsonassert\1.5.0\jsonassert-1.5.0.jar;C:\Users\fangang\.m2\repository\com\vaadin\external\google\android-json\0.0.20131108.vaadin1\android-json-0.0.20131108.vaadin1.jar;C:\Users\fangang\.m2\repository\org\springframework\spring-core\5.1.14.RELEASE\spring-core-5.1.14.RELEASE.jar;C:\Users\fangang\.m2\repository\org\springframework\spring-jcl\5.1.14.RELEASE\spring-jcl-5.1.14.RELEASE.jar;C:\Users\fangang\.m2\repository\org\springframework\spring-test\5.1.14.RELEASE\spring-test-5.1.14.RELEASE.jar;C:\Users\fangang\.m2\repository\org\xmlunit\xmlunit-core\2.6.3\xmlunit-core-2.6.3.jar;C:\Users\fangang\.m2\repository\com\edev\edev-ddd-support\1.0.0\edev-ddd-support-1.0.0.jar;C:\Users\fangang\.m2\repository\org\springframework\boot\spring-boot-starter-web\2.1.13.RELEASE\spring-boot-starter-web-2.1.13.RELEASE.jar;C:\Users\fangang\.m2\repository\org\springframework\boot\spring-boot-starter-json\2.1.13.RELEASE\spring-boot-starter-json-2.1.13.RELEASE.jar;C:\Users\fangang\.m2\repository\com\fasterxml\jackson\datatype\jackson-datatype-jdk8\2.9.10\jackson-datatype-jdk8-2.9.10.jar;C:\Users\fangang\.m2\repository\com\fasterxml\jackson\module\jackson-module-parameter-names\2.9.10\jackson-module-parameter-names-2.9.10.jar;C:\Users\fangang\.m2\repository\org\springframework\boot\spring-boot-starter-tomcat\2.1.13.RELEASE\spring-boot-starter-tomcat-2.1.13.RELEASE.jar;C:\Users\fangang\.m2\repository\org\apache\tomcat\embed\tomcat-embed-core\9.0.31\tomcat-embed-core-9.0.31.jar;C:\Users\fangang\.m2\repository\org\apache\tomcat\embed\tomcat-embed-el\9.0.31\tomcat-embed-el-9.0.31.jar;C:\Users\fangang\.m2\repository\org\apache\tomcat\embed\tomcat-embed-websocket\9.0.31\tomcat-embed-websocket-9.0.31.jar;C:\Users\fangang\.m2\repository\org\hibernate\validator\hibernate-validator\6.0.18.Final\hibernate-validator-6.0.18.Final.jar;C:\Users\fangang\.m2\repository\javax\validation\validation-api\2.0.1.Final\validation-api-2.0.1.Final.jar;C:\Users\fangang\.m2\repository\org\jboss\logging\jboss-logging\3.3.3.Final\jboss-logging-3.3.3.Final.jar;C:\Users\fangang\.m2\repository\com\fasterxml\classmate\1.4.0\classmate-1.4.0.jar;C:\Users\fangang\.m2\repository\org\springframework\spring-webmvc\5.1.14.RELEASE\spring-webmvc-5.1.14.RELEASE.jar;C:\Users\fangang\.m2\repository\com\alibaba\fastjson\1.2.25\fastjson-1.2.25.jar;C:\Users\fangang\.m2\repository\com\alibaba\druid\1.2.8\druid-1.2.8.jar;C:\Users\fangang\.m2\repository\org\mybatis\spring\boot\mybatis-spring-boot-starter\1.3.0\mybatis-spring-boot-starter-1.3.0.jar;C:\Users\fangang\.m2\repository\org\springframework\boot\spring-boot-starter-jdbc\2.1.13.RELEASE\spring-boot-starter-jdbc-2.1.13.RELEASE.jar;C:\Users\fangang\.m2\repository\com\zaxxer\HikariCP\3.2.0\HikariCP-3.2.0.jar;C:\Users\fangang\.m2\repository\org\springframework\spring-jdbc\5.1.14.RELEASE\spring-jdbc-5.1.14.RELEASE.jar;C:\Users\fangang\.m2\repository\org\mybatis\spring\boot\mybatis-spring-boot-autoconfigure\1.3.0\mybatis-spring-boot-autoconfigure-1.3.0.jar;C:\Users\fangang\.m2\repository\org\mybatis\mybatis\3.4.4\mybatis-3.4.4.jar;C:\Users\fangang\.m2\repository\org\mybatis\mybatis-spring\1.3.1\mybatis-spring-1.3.1.jar;C:\Users\fangang\.m2\repository\mysql\mysql-connector-java\8.0.19\mysql-connector-java-8.0.19.jar;C:\Users\fangang\.m2\repository\org\springframework\boot\spring-boot-starter-data-redis\2.1.13.RELEASE\spring-boot-starter-data-redis-2.1.13.RELEASE.jar;C:\Users\fangang\.m2\repository\org\springframework\data\spring-data-redis\2.1.16.RELEASE\spring-data-redis-2.1.16.RELEASE.jar;C:\Users\fangang\.m2\repository\org\springframework\data\spring-data-keyvalue\2.1.16.RELEASE\spring-data-keyvalue-2.1.16.RELEASE.jar;C:\Users\fangang\.m2\repository\org\springframework\data\spring-data-commons\2.1.16.RELEASE\spring-data-commons-2.1.16.RELEASE.jar;C:\Users\fangang\.m2\repository\org\springframework\spring-tx\5.1.14.RELEASE\spring-tx-5.1.14.RELEASE.jar;C:\Users\fangang\.m2\repository\org\springframework\spring-oxm\5.1.14.RELEASE\spring-oxm-5.1.14.RELEASE.jar;C:\Users\fangang\.m2\repository\org\springframework\spring-context-support\5.1.14.RELEASE\spring-context-support-5.1.14.RELEASE.jar;C:\Users\fangang\.m2\repository\io\lettuce\lettuce-core\5.1.8.RELEASE\lettuce-core-5.1.8.RELEASE.jar;C:\Users\fangang\.m2\repository\io\projectreactor\reactor-core\3.2.15.RELEASE\reactor-core-3.2.15.RELEASE.jar;C:\Users\fangang\.m2\repository\org\reactivestreams\reactive-streams\1.0.3\reactive-streams-1.0.3.jar;C:\Users\fangang\.m2\repository\org\springframework\spring-messaging\5.1.14.RELEASE\spring-messaging-5.1.14.RELEASE.jar;"/>
    <property name="java.vm.vendor" value="Oracle Corporation"/>
    <property name="sun.arch.data.model" value="64"/>
    <property name="user.variant" value=""/>
    <property name="java.vendor.url" value="http://java.oracle.com/"/>
    <property name="user.timezone" value="Asia/Shanghai"/>
    <property name="java.vm.specification.version" value="1.8"/>
    <property name="os.name" value="Windows 10"/>
    <property name="user.country" value="CN"/>
    <property name="sun.java.launcher" value="SUN_STANDARD"/>
    <property name="sun.boot.library.path" value="C:\Program Files\Java\jdk1.8.0_231\jre\bin"/>
    <property name="sun.java.command" value="C:\Users\fangang\AppData\Local\Temp\surefire5628168858192087888\surefirebooter1545523775715810035.jar C:\Users\fangang\AppData\Local\Temp\surefire5628168858192087888 2022-04-23T11-24-28_095-jvmRun1 surefire1076201765972719678tmp surefire_07589194935623901026tmp"/>
    <property name="surefire.test.class.path" value="C:\Development\idea\edev\edev-alibaba-trade\edev-alibaba-trade-customer\target\test-classes;C:\Development\idea\edev\edev-alibaba-trade\edev-alibaba-trade-customer\target\classes;C:\Users\fangang\.m2\repository\org\springframework\cloud\spring-cloud-starter-contract-verifier\2.1.0.RELEASE\spring-cloud-starter-contract-verifier-2.1.0.RELEASE.jar;C:\Users\fangang\.m2\repository\org\springframework\cloud\spring-cloud-contract-verifier\2.1.0.RELEASE\spring-cloud-contract-verifier-2.1.0.RELEASE.jar;C:\Users\fangang\.m2\repository\org\springframework\cloud\spring-cloud-contract-spec\2.1.0.RELEASE\spring-cloud-contract-spec-2.1.0.RELEASE.jar;C:\Users\fangang\.m2\repository\dk\brics\automaton\automaton\1.11-8\automaton-1.11-8.jar;C:\Users\fangang\.m2\repository\org\apache\commons\commons-text\1.6\commons-text-1.6.jar;C:\Users\fangang\.m2\repository\com\fasterxml\jackson\core\jackson-databind\2.9.10.3\jackson-databind-2.9.10.3.jar;C:\Users\fangang\.m2\repository\com\fasterxml\jackson\core\jackson-annotations\2.9.10\jackson-annotations-2.9.10.jar;C:\Users\fangang\.m2\repository\javax\inject\javax.inject\1\javax.inject-1.jar;C:\Users\fangang\.m2\repository\com\github\tomakehurst\wiremock-standalone\2.20.0\wiremock-standalone-2.20.0.jar;C:\Users\fangang\.m2\repository\com\rackspace\eclipse\webtools\sourceediting\org.eclipse.wst.xml.xpath2.processor\2.1.100\org.eclipse.wst.xml.xpath2.processor-2.1.100.jar;C:\Users\fangang\.m2\repository\edu\princeton\cup\java-cup\10k\java-cup-10k.jar;C:\Users\fangang\.m2\repository\com\ibm\icu\icu4j\4.6\icu4j-4.6.jar;C:\Users\fangang\.m2\repository\org\codehaus\groovy\groovy\2.5.9\groovy-2.5.9.jar;C:\Users\fangang\.m2\repository\org\codehaus\groovy\groovy-nio\2.5.9\groovy-nio-2.5.9.jar;C:\Users\fangang\.m2\repository\org\codehaus\groovy\groovy-json\2.5.9\groovy-json-2.5.9.jar;C:\Users\fangang\.m2\repository\org\codehaus\groovy\groovy-xml\2.5.9\groovy-xml-2.5.9.jar;C:\Users\fangang\.m2\repository\com\github\jknack\handlebars\4.1.2\handlebars-4.1.2.jar;C:\Users\fangang\.m2\repository\commons-beanutils\commons-beanutils\1.9.3\commons-beanutils-1.9.3.jar;C:\Users\fangang\.m2\repository\commons-logging\commons-logging\1.2\commons-logging-1.2.jar;C:\Users\fangang\.m2\repository\commons-collections\commons-collections\3.2.2\commons-collections-3.2.2.jar;C:\Users\fangang\.m2\repository\org\yaml\snakeyaml\1.23\snakeyaml-1.23.jar;C:\Users\fangang\.m2\repository\com\fasterxml\jackson\dataformat\jackson-dataformat-yaml\2.9.10\jackson-dataformat-yaml-2.9.10.jar;C:\Users\fangang\.m2\repository\org\junit\jupiter\junit-jupiter-api\5.3.2\junit-jupiter-api-5.3.2.jar;C:\Users\fangang\.m2\repository\org\apiguardian\apiguardian-api\1.0.0\apiguardian-api-1.0.0.jar;C:\Users\fangang\.m2\repository\org\opentest4j\opentest4j\1.1.1\opentest4j-1.1.1.jar;C:\Users\fangang\.m2\repository\org\junit\platform\junit-platform-commons\1.3.2\junit-platform-commons-1.3.2.jar;C:\Users\fangang\.m2\repository\io\rest-assured\rest-assured\3.1.1\rest-assured-3.1.1.jar;C:\Users\fangang\.m2\repository\org\apache\httpcomponents\httpclient\4.5.11\httpclient-4.5.11.jar;C:\Users\fangang\.m2\repository\org\apache\httpcomponents\httpcore\4.4.13\httpcore-4.4.13.jar;C:\Users\fangang\.m2\repository\org\apache\httpcomponents\httpmime\4.5.11\httpmime-4.5.11.jar;C:\Users\fangang\.m2\repository\org\ccil\cowan\tagsoup\tagsoup\1.2.1\tagsoup-1.2.1.jar;C:\Users\fangang\.m2\repository\io\rest-assured\json-path\3.1.1\json-path-3.1.1.jar;C:\Users\fangang\.m2\repository\io\rest-assured\rest-assured-common\3.1.1\rest-assured-common-3.1.1.jar;C:\Users\fangang\.m2\repository\io\rest-assured\xml-path\3.1.1\xml-path-3.1.1.jar;C:\Users\fangang\.m2\repository\org\apache\commons\commons-lang3\3.8.1\commons-lang3-3.8.1.jar;C:\Users\fangang\.m2\repository\javax\xml\bind\jaxb-api\2.3.1\jaxb-api-2.3.1.jar;C:\Users\fangang\.m2\repository\javax\activation\javax.activation-api\1.2.0\javax.activation-api-1.2.0.jar;C:\Users\fangang\.m2\repository\io\rest-assured\spring-mock-mvc\3.1.1\spring-mock-mvc-3.1.1.jar;C:\Users\fangang\.m2\repository\com\toomuchcoding\jsonassert\jsonassert\0.4.13\jsonassert-0.4.13.jar;C:\Users\fangang\.m2\repository\cglib\cglib\3.2.9\cglib-3.2.9.jar;C:\Users\fangang\.m2\repository\org\ow2\asm\asm\7.0\asm-7.0.jar;C:\Users\fangang\.m2\repository\org\apache\ant\ant\1.10.3\ant-1.10.3.jar;C:\Users\fangang\.m2\repository\org\apache\ant\ant-launcher\1.10.3\ant-launcher-1.10.3.jar;C:\Users\fangang\.m2\repository\com\alibaba\cloud\spring-cloud-starter-alibaba-nacos-discovery\2.1.4.RELEASE\spring-cloud-starter-alibaba-nacos-discovery-2.1.4.RELEASE.jar;C:\Users\fangang\.m2\repository\com\alibaba\cloud\spring-cloud-alibaba-commons\2.1.4.RELEASE\spring-cloud-alibaba-commons-2.1.4.RELEASE.jar;C:\Users\fangang\.m2\repository\com\alibaba\nacos\nacos-client\1.4.1\nacos-client-1.4.1.jar;C:\Users\fangang\.m2\repository\com\alibaba\nacos\nacos-common\1.4.1\nacos-common-1.4.1.jar;C:\Users\fangang\.m2\repository\commons-io\commons-io\2.2\commons-io-2.2.jar;C:\Users\fangang\.m2\repository\org\apache\httpcomponents\httpasyncclient\4.1.4\httpasyncclient-4.1.4.jar;C:\Users\fangang\.m2\repository\org\apache\httpcomponents\httpcore-nio\4.4.13\httpcore-nio-4.4.13.jar;C:\Users\fangang\.m2\repository\com\alibaba\nacos\nacos-api\1.4.1\nacos-api-1.4.1.jar;C:\Users\fangang\.m2\repository\com\google\guava\guava\24.1.1-jre\guava-24.1.1-jre.jar;C:\Users\fangang\.m2\repository\com\google\code\findbugs\jsr305\1.3.9\jsr305-1.3.9.jar;C:\Users\fangang\.m2\repository\org\checkerframework\checker-compat-qual\2.0.0\checker-compat-qual-2.0.0.jar;C:\Users\fangang\.m2\repository\com\google\errorprone\error_prone_annotations\2.1.3\error_prone_annotations-2.1.3.jar;C:\Users\fangang\.m2\repository\com\google\j2objc\j2objc-annotations\1.1\j2objc-annotations-1.1.jar;C:\Users\fangang\.m2\repository\org\codehaus\mojo\animal-sniffer-annotations\1.14\animal-sniffer-annotations-1.14.jar;C:\Users\fangang\.m2\repository\commons-codec\commons-codec\1.11\commons-codec-1.11.jar;C:\Users\fangang\.m2\repository\com\fasterxml\jackson\core\jackson-core\2.9.10\jackson-core-2.9.10.jar;C:\Users\fangang\.m2\repository\io\prometheus\simpleclient\0.5.0\simpleclient-0.5.0.jar;C:\Users\fangang\.m2\repository\com\alibaba\spring\spring-context-support\1.0.10\spring-context-support-1.0.10.jar;C:\Users\fangang\.m2\repository\org\springframework\cloud\spring-cloud-commons\2.1.0.RELEASE\spring-cloud-commons-2.1.0.RELEASE.jar;C:\Users\fangang\.m2\repository\org\springframework\security\spring-security-crypto\5.1.8.RELEASE\spring-security-crypto-5.1.8.RELEASE.jar;C:\Users\fangang\.m2\repository\org\springframework\cloud\spring-cloud-context\2.1.0.RELEASE\spring-cloud-context-2.1.0.RELEASE.jar;C:\Users\fangang\.m2\repository\org\springframework\cloud\spring-cloud-starter-netflix-ribbon\2.1.0.RELEASE\spring-cloud-starter-netflix-ribbon-2.1.0.RELEASE.jar;C:\Users\fangang\.m2\repository\org\springframework\cloud\spring-cloud-netflix-ribbon\2.1.0.RELEASE\spring-cloud-netflix-ribbon-2.1.0.RELEASE.jar;C:\Users\fangang\.m2\repository\org\springframework\cloud\spring-cloud-netflix-archaius\2.1.0.RELEASE\spring-cloud-netflix-archaius-2.1.0.RELEASE.jar;C:\Users\fangang\.m2\repository\org\springframework\cloud\spring-cloud-starter-netflix-archaius\2.1.0.RELEASE\spring-cloud-starter-netflix-archaius-2.1.0.RELEASE.jar;C:\Users\fangang\.m2\repository\commons-configuration\commons-configuration\1.8\commons-configuration-1.8.jar;C:\Users\fangang\.m2\repository\com\netflix\ribbon\ribbon\2.3.0\ribbon-2.3.0.jar;C:\Users\fangang\.m2\repository\com\netflix\ribbon\ribbon-transport\2.3.0\ribbon-transport-2.3.0.jar;C:\Users\fangang\.m2\repository\io\reactivex\rxnetty-contexts\0.4.9\rxnetty-contexts-0.4.9.jar;C:\Users\fangang\.m2\repository\io\reactivex\rxnetty-servo\0.4.9\rxnetty-servo-0.4.9.jar;C:\Users\fangang\.m2\repository\io\reactivex\rxnetty\0.4.9\rxnetty-0.4.9.jar;C:\Users\fangang\.m2\repository\com\netflix\ribbon\ribbon-core\2.3.0\ribbon-core-2.3.0.jar;C:\Users\fangang\.m2\repository\commons-lang\commons-lang\2.6\commons-lang-2.6.jar;C:\Users\fangang\.m2\repository\com\netflix\ribbon\ribbon-httpclient\2.3.0\ribbon-httpclient-2.3.0.jar;C:\Users\fangang\.m2\repository\com\sun\jersey\jersey-client\1.19.1\jersey-client-1.19.1.jar;C:\Users\fangang\.m2\repository\com\sun\jersey\jersey-core\1.19.1\jersey-core-1.19.1.jar;C:\Users\fangang\.m2\repository\javax\ws\rs\jsr311-api\1.1.1\jsr311-api-1.1.1.jar;C:\Users\fangang\.m2\repository\com\sun\jersey\contribs\jersey-apache-client4\1.19.1\jersey-apache-client4-1.19.1.jar;C:\Users\fangang\.m2\repository\com\netflix\servo\servo-core\0.12.21\servo-core-0.12.21.jar;C:\Users\fangang\.m2\repository\com\netflix\netflix-commons\netflix-commons-util\0.3.0\netflix-commons-util-0.3.0.jar;C:\Users\fangang\.m2\repository\com\netflix\ribbon\ribbon-loadbalancer\2.3.0\ribbon-loadbalancer-2.3.0.jar;C:\Users\fangang\.m2\repository\com\netflix\netflix-commons\netflix-statistics\0.1.1\netflix-statistics-0.1.1.jar;C:\Users\fangang\.m2\repository\io\reactivex\rxjava\1.3.8\rxjava-1.3.8.jar;C:\Users\fangang\.m2\repository\com\alibaba\cloud\spring-cloud-starter-alibaba-nacos-config\2.1.4.RELEASE\spring-cloud-starter-alibaba-nacos-config-2.1.4.RELEASE.jar;C:\Users\fangang\.m2\repository\org\springframework\cloud\spring-cloud-starter-openfeign\2.1.0.RELEASE\spring-cloud-starter-openfeign-2.1.0.RELEASE.jar;C:\Users\fangang\.m2\repository\org\springframework\cloud\spring-cloud-starter\2.1.0.RELEASE\spring-cloud-starter-2.1.0.RELEASE.jar;C:\Users\fangang\.m2\repository\org\springframework\security\spring-security-rsa\1.0.7.RELEASE\spring-security-rsa-1.0.7.RELEASE.jar;C:\Users\fangang\.m2\repository\org\bouncycastle\bcpkix-jdk15on\1.60\bcpkix-jdk15on-1.60.jar;C:\Users\fangang\.m2\repository\org\bouncycastle\bcprov-jdk15on\1.60\bcprov-jdk15on-1.60.jar;C:\Users\fangang\.m2\repository\org\springframework\cloud\spring-cloud-openfeign-core\2.1.0.RELEASE\spring-cloud-openfeign-core-2.1.0.RELEASE.jar;C:\Users\fangang\.m2\repository\org\springframework\boot\spring-boot-autoconfigure\2.1.13.RELEASE\spring-boot-autoconfigure-2.1.13.RELEASE.jar;C:\Users\fangang\.m2\repository\org\springframework\boot\spring-boot-starter-aop\2.1.13.RELEASE\spring-boot-starter-aop-2.1.13.RELEASE.jar;C:\Users\fangang\.m2\repository\org\springframework\spring-aop\5.1.14.RELEASE\spring-aop-5.1.14.RELEASE.jar;C:\Users\fangang\.m2\repository\io\github\openfeign\form\feign-form-spring\3.5.0\feign-form-spring-3.5.0.jar;C:\Users\fangang\.m2\repository\io\github\openfeign\form\feign-form\3.5.0\feign-form-3.5.0.jar;C:\Users\fangang\.m2\repository\commons-fileupload\commons-fileupload\1.3.3\commons-fileupload-1.3.3.jar;C:\Users\fangang\.m2\repository\org\springframework\spring-web\5.1.14.RELEASE\spring-web-5.1.14.RELEASE.jar;C:\Users\fangang\.m2\repository\org\springframework\spring-beans\5.1.14.RELEASE\spring-beans-5.1.14.RELEASE.jar;C:\Users\fangang\.m2\repository\io\github\openfeign\feign-core\10.1.0\feign-core-10.1.0.jar;C:\Users\fangang\.m2\repository\io\github\openfeign\feign-slf4j\10.1.0\feign-slf4j-10.1.0.jar;C:\Users\fangang\.m2\repository\org\slf4j\slf4j-api\1.7.30\slf4j-api-1.7.30.jar;C:\Users\fangang\.m2\repository\io\github\openfeign\feign-hystrix\10.1.0\feign-hystrix-10.1.0.jar;C:\Users\fangang\.m2\repository\com\netflix\archaius\archaius-core\0.7.6\archaius-core-0.7.6.jar;C:\Users\fangang\.m2\repository\com\netflix\hystrix\hystrix-core\1.5.18\hystrix-core-1.5.18.jar;C:\Users\fangang\.m2\repository\com\alibaba\cloud\spring-cloud-starter-alibaba-sentinel\2.1.4.RELEASE\spring-cloud-starter-alibaba-sentinel-2.1.4.RELEASE.jar;C:\Users\fangang\.m2\repository\com\alibaba\csp\sentinel-transport-simple-http\1.8.0\sentinel-transport-simple-http-1.8.0.jar;C:\Users\fangang\.m2\repository\com\alibaba\csp\sentinel-transport-common\1.8.0\sentinel-transport-common-1.8.0.jar;C:\Users\fangang\.m2\repository\com\alibaba\csp\sentinel-annotation-aspectj\1.8.0\sentinel-annotation-aspectj-1.8.0.jar;C:\Users\fangang\.m2\repository\com\alibaba\csp\sentinel-core\1.8.0\sentinel-core-1.8.0.jar;C:\Users\fangang\.m2\repository\org\aspectj\aspectjrt\1.9.5\aspectjrt-1.9.5.jar;C:\Users\fangang\.m2\repository\org\aspectj\aspectjweaver\1.9.5\aspectjweaver-1.9.5.jar;C:\Users\fangang\.m2\repository\com\alibaba\csp\sentinel-spring-webflux-adapter\1.8.0\sentinel-spring-webflux-adapter-1.8.0.jar;C:\Users\fangang\.m2\repository\com\alibaba\csp\sentinel-reactor-adapter\1.8.0\sentinel-reactor-adapter-1.8.0.jar;C:\Users\fangang\.m2\repository\com\alibaba\csp\sentinel-spring-webmvc-adapter\1.8.0\sentinel-spring-webmvc-adapter-1.8.0.jar;C:\Users\fangang\.m2\repository\com\alibaba\csp\sentinel-parameter-flow-control\1.8.0\sentinel-parameter-flow-control-1.8.0.jar;C:\Users\fangang\.m2\repository\com\googlecode\concurrentlinkedhashmap\concurrentlinkedhashmap-lru\1.4.2\concurrentlinkedhashmap-lru-1.4.2.jar;C:\Users\fangang\.m2\repository\com\alibaba\csp\sentinel-cluster-server-default\1.8.0\sentinel-cluster-server-default-1.8.0.jar;C:\Users\fangang\.m2\repository\com\alibaba\csp\sentinel-cluster-common-default\1.8.0\sentinel-cluster-common-default-1.8.0.jar;C:\Users\fangang\.m2\repository\io\netty\netty-handler\4.1.45.Final\netty-handler-4.1.45.Final.jar;C:\Users\fangang\.m2\repository\io\netty\netty-common\4.1.45.Final\netty-common-4.1.45.Final.jar;C:\Users\fangang\.m2\repository\io\netty\netty-buffer\4.1.45.Final\netty-buffer-4.1.45.Final.jar;C:\Users\fangang\.m2\repository\io\netty\netty-transport\4.1.45.Final\netty-transport-4.1.45.Final.jar;C:\Users\fangang\.m2\repository\io\netty\netty-resolver\4.1.45.Final\netty-resolver-4.1.45.Final.jar;C:\Users\fangang\.m2\repository\io\netty\netty-codec\4.1.45.Final\netty-codec-4.1.45.Final.jar;C:\Users\fangang\.m2\repository\com\alibaba\csp\sentinel-cluster-client-default\1.8.0\sentinel-cluster-client-default-1.8.0.jar;C:\Users\fangang\.m2\repository\com\alibaba\cloud\spring-cloud-alibaba-sentinel-datasource\2.1.4.RELEASE\spring-cloud-alibaba-sentinel-datasource-2.1.4.RELEASE.jar;C:\Users\fangang\.m2\repository\com\alibaba\csp\sentinel-datasource-nacos\1.8.0\sentinel-datasource-nacos-1.8.0.jar;C:\Users\fangang\.m2\repository\com\alibaba\csp\sentinel-datasource-extension\1.8.0\sentinel-datasource-extension-1.8.0.jar;C:\Users\fangang\.m2\repository\org\springframework\boot\spring-boot-starter-actuator\2.1.13.RELEASE\spring-boot-starter-actuator-2.1.13.RELEASE.jar;C:\Users\fangang\.m2\repository\org\springframework\boot\spring-boot-starter\2.1.13.RELEASE\spring-boot-starter-2.1.13.RELEASE.jar;C:\Users\fangang\.m2\repository\org\springframework\boot\spring-boot\2.1.13.RELEASE\spring-boot-2.1.13.RELEASE.jar;C:\Users\fangang\.m2\repository\org\springframework\boot\spring-boot-starter-logging\2.1.13.RELEASE\spring-boot-starter-logging-2.1.13.RELEASE.jar;C:\Users\fangang\.m2\repository\ch\qos\logback\logback-classic\1.2.3\logback-classic-1.2.3.jar;C:\Users\fangang\.m2\repository\ch\qos\logback\logback-core\1.2.3\logback-core-1.2.3.jar;C:\Users\fangang\.m2\repository\org\apache\logging\log4j\log4j-to-slf4j\2.11.2\log4j-to-slf4j-2.11.2.jar;C:\Users\fangang\.m2\repository\org\apache\logging\log4j\log4j-api\2.11.2\log4j-api-2.11.2.jar;C:\Users\fangang\.m2\repository\org\slf4j\jul-to-slf4j\1.7.30\jul-to-slf4j-1.7.30.jar;C:\Users\fangang\.m2\repository\javax\annotation\javax.annotation-api\1.3.2\javax.annotation-api-1.3.2.jar;C:\Users\fangang\.m2\repository\org\springframework\boot\spring-boot-actuator-autoconfigure\2.1.13.RELEASE\spring-boot-actuator-autoconfigure-2.1.13.RELEASE.jar;C:\Users\fangang\.m2\repository\org\springframework\boot\spring-boot-actuator\2.1.13.RELEASE\spring-boot-actuator-2.1.13.RELEASE.jar;C:\Users\fangang\.m2\repository\org\springframework\spring-context\5.1.14.RELEASE\spring-context-5.1.14.RELEASE.jar;C:\Users\fangang\.m2\repository\org\springframework\spring-expression\5.1.14.RELEASE\spring-expression-5.1.14.RELEASE.jar;C:\Users\fangang\.m2\repository\com\fasterxml\jackson\datatype\jackson-datatype-jsr310\2.9.10\jackson-datatype-jsr310-2.9.10.jar;C:\Users\fangang\.m2\repository\io\micrometer\micrometer-core\1.1.10\micrometer-core-1.1.10.jar;C:\Users\fangang\.m2\repository\org\hdrhistogram\HdrHistogram\2.1.9\HdrHistogram-2.1.9.jar;C:\Users\fangang\.m2\repository\org\latencyutils\LatencyUtils\2.0.3\LatencyUtils-2.0.3.jar;C:\Users\fangang\.m2\repository\org\springframework\boot\spring-boot-starter-test\2.1.13.RELEASE\spring-boot-starter-test-2.1.13.RELEASE.jar;C:\Users\fangang\.m2\repository\org\springframework\boot\spring-boot-test\2.1.13.RELEASE\spring-boot-test-2.1.13.RELEASE.jar;C:\Users\fangang\.m2\repository\org\springframework\boot\spring-boot-test-autoconfigure\2.1.13.RELEASE\spring-boot-test-autoconfigure-2.1.13.RELEASE.jar;C:\Users\fangang\.m2\repository\com\jayway\jsonpath\json-path\2.4.0\json-path-2.4.0.jar;C:\Users\fangang\.m2\repository\net\minidev\json-smart\2.3\json-smart-2.3.jar;C:\Users\fangang\.m2\repository\net\minidev\accessors-smart\1.2\accessors-smart-1.2.jar;C:\Users\fangang\.m2\repository\junit\junit\4.12\junit-4.12.jar;C:\Users\fangang\.m2\repository\org\assertj\assertj-core\3.11.1\assertj-core-3.11.1.jar;C:\Users\fangang\.m2\repository\org\mockito\mockito-core\2.23.4\mockito-core-2.23.4.jar;C:\Users\fangang\.m2\repository\net\bytebuddy\byte-buddy\1.9.16\byte-buddy-1.9.16.jar;C:\Users\fangang\.m2\repository\net\bytebuddy\byte-buddy-agent\1.9.16\byte-buddy-agent-1.9.16.jar;C:\Users\fangang\.m2\repository\org\objenesis\objenesis\2.6\objenesis-2.6.jar;C:\Users\fangang\.m2\repository\org\hamcrest\hamcrest-core\1.3\hamcrest-core-1.3.jar;C:\Users\fangang\.m2\repository\org\hamcrest\hamcrest-library\1.3\hamcrest-library-1.3.jar;C:\Users\fangang\.m2\repository\org\skyscreamer\jsonassert\1.5.0\jsonassert-1.5.0.jar;C:\Users\fangang\.m2\repository\com\vaadin\external\google\android-json\0.0.20131108.vaadin1\android-json-0.0.20131108.vaadin1.jar;C:\Users\fangang\.m2\repository\org\springframework\spring-core\5.1.14.RELEASE\spring-core-5.1.14.RELEASE.jar;C:\Users\fangang\.m2\repository\org\springframework\spring-jcl\5.1.14.RELEASE\spring-jcl-5.1.14.RELEASE.jar;C:\Users\fangang\.m2\repository\org\springframework\spring-test\5.1.14.RELEASE\spring-test-5.1.14.RELEASE.jar;C:\Users\fangang\.m2\repository\org\xmlunit\xmlunit-core\2.6.3\xmlunit-core-2.6.3.jar;C:\Users\fangang\.m2\repository\com\edev\edev-ddd-support\1.0.0\edev-ddd-support-1.0.0.jar;C:\Users\fangang\.m2\repository\org\springframework\boot\spring-boot-starter-web\2.1.13.RELEASE\spring-boot-starter-web-2.1.13.RELEASE.jar;C:\Users\fangang\.m2\repository\org\springframework\boot\spring-boot-starter-json\2.1.13.RELEASE\spring-boot-starter-json-2.1.13.RELEASE.jar;C:\Users\fangang\.m2\repository\com\fasterxml\jackson\datatype\jackson-datatype-jdk8\2.9.10\jackson-datatype-jdk8-2.9.10.jar;C:\Users\fangang\.m2\repository\com\fasterxml\jackson\module\jackson-module-parameter-names\2.9.10\jackson-module-parameter-names-2.9.10.jar;C:\Users\fangang\.m2\repository\org\springframework\boot\spring-boot-starter-tomcat\2.1.13.RELEASE\spring-boot-starter-tomcat-2.1.13.RELEASE.jar;C:\Users\fangang\.m2\repository\org\apache\tomcat\embed\tomcat-embed-core\9.0.31\tomcat-embed-core-9.0.31.jar;C:\Users\fangang\.m2\repository\org\apache\tomcat\embed\tomcat-embed-el\9.0.31\tomcat-embed-el-9.0.31.jar;C:\Users\fangang\.m2\repository\org\apache\tomcat\embed\tomcat-embed-websocket\9.0.31\tomcat-embed-websocket-9.0.31.jar;C:\Users\fangang\.m2\repository\org\hibernate\validator\hibernate-validator\6.0.18.Final\hibernate-validator-6.0.18.Final.jar;C:\Users\fangang\.m2\repository\javax\validation\validation-api\2.0.1.Final\validation-api-2.0.1.Final.jar;C:\Users\fangang\.m2\repository\org\jboss\logging\jboss-logging\3.3.3.Final\jboss-logging-3.3.3.Final.jar;C:\Users\fangang\.m2\repository\com\fasterxml\classmate\1.4.0\classmate-1.4.0.jar;C:\Users\fangang\.m2\repository\org\springframework\spring-webmvc\5.1.14.RELEASE\spring-webmvc-5.1.14.RELEASE.jar;C:\Users\fangang\.m2\repository\com\alibaba\fastjson\1.2.25\fastjson-1.2.25.jar;C:\Users\fangang\.m2\repository\com\alibaba\druid\1.2.8\druid-1.2.8.jar;C:\Users\fangang\.m2\repository\org\mybatis\spring\boot\mybatis-spring-boot-starter\1.3.0\mybatis-spring-boot-starter-1.3.0.jar;C:\Users\fangang\.m2\repository\org\springframework\boot\spring-boot-starter-jdbc\2.1.13.RELEASE\spring-boot-starter-jdbc-2.1.13.RELEASE.jar;C:\Users\fangang\.m2\repository\com\zaxxer\HikariCP\3.2.0\HikariCP-3.2.0.jar;C:\Users\fangang\.m2\repository\org\springframework\spring-jdbc\5.1.14.RELEASE\spring-jdbc-5.1.14.RELEASE.jar;C:\Users\fangang\.m2\repository\org\mybatis\spring\boot\mybatis-spring-boot-autoconfigure\1.3.0\mybatis-spring-boot-autoconfigure-1.3.0.jar;C:\Users\fangang\.m2\repository\org\mybatis\mybatis\3.4.4\mybatis-3.4.4.jar;C:\Users\fangang\.m2\repository\org\mybatis\mybatis-spring\1.3.1\mybatis-spring-1.3.1.jar;C:\Users\fangang\.m2\repository\mysql\mysql-connector-java\8.0.19\mysql-connector-java-8.0.19.jar;C:\Users\fangang\.m2\repository\org\springframework\boot\spring-boot-starter-data-redis\2.1.13.RELEASE\spring-boot-starter-data-redis-2.1.13.RELEASE.jar;C:\Users\fangang\.m2\repository\org\springframework\data\spring-data-redis\2.1.16.RELEASE\spring-data-redis-2.1.16.RELEASE.jar;C:\Users\fangang\.m2\repository\org\springframework\data\spring-data-keyvalue\2.1.16.RELEASE\spring-data-keyvalue-2.1.16.RELEASE.jar;C:\Users\fangang\.m2\repository\org\springframework\data\spring-data-commons\2.1.16.RELEASE\spring-data-commons-2.1.16.RELEASE.jar;C:\Users\fangang\.m2\repository\org\springframework\spring-tx\5.1.14.RELEASE\spring-tx-5.1.14.RELEASE.jar;C:\Users\fangang\.m2\repository\org\springframework\spring-oxm\5.1.14.RELEASE\spring-oxm-5.1.14.RELEASE.jar;C:\Users\fangang\.m2\repository\org\springframework\spring-context-support\5.1.14.RELEASE\spring-context-support-5.1.14.RELEASE.jar;C:\Users\fangang\.m2\repository\io\lettuce\lettuce-core\5.1.8.RELEASE\lettuce-core-5.1.8.RELEASE.jar;C:\Users\fangang\.m2\repository\io\projectreactor\reactor-core\3.2.15.RELEASE\reactor-core-3.2.15.RELEASE.jar;C:\Users\fangang\.m2\repository\org\reactivestreams\reactive-streams\1.0.3\reactive-streams-1.0.3.jar;C:\Users\fangang\.m2\repository\org\springframework\spring-messaging\5.1.14.RELEASE\spring-messaging-5.1.14.RELEASE.jar;"/>
    <property name="sun.cpu.endian" value="little"/>
    <property name="user.home" value="C:\Users\fangang"/>
    <property name="user.language" value="zh"/>
    <property name="java.specification.vendor" value="Oracle Corporation"/>
    <property name="java.home" value="C:\Program Files\Java\jdk1.8.0_231\jre"/>
    <property name="basedir" value="C:\Development\idea\edev\edev-alibaba-trade\edev-alibaba-trade-customer"/>
    <property name="file.separator" value="\"/>
    <property name="line.separator" value="&#10;"/>
    <property name="java.vm.specification.vendor" value="Oracle Corporation"/>
    <property name="java.specification.name" value="Java Platform API Specification"/>
    <property name="java.awt.graphicsenv" value="sun.awt.Win32GraphicsEnvironment"/>
    <property name="surefire.real.class.path" value="C:\Users\fangang\AppData\Local\Temp\surefire5628168858192087888\surefirebooter1545523775715810035.jar"/>
    <property name="sun.boot.class.path" value="C:\Program Files\Java\jdk1.8.0_231\jre\lib\resources.jar;C:\Program Files\Java\jdk1.8.0_231\jre\lib\rt.jar;C:\Program Files\Java\jdk1.8.0_231\jre\lib\sunrsasign.jar;C:\Program Files\Java\jdk1.8.0_231\jre\lib\jsse.jar;C:\Program Files\Java\jdk1.8.0_231\jre\lib\jce.jar;C:\Program Files\Java\jdk1.8.0_231\jre\lib\charsets.jar;C:\Program Files\Java\jdk1.8.0_231\jre\lib\jfr.jar;C:\Program Files\Java\jdk1.8.0_231\jre\classes"/>
    <property name="user.script" value=""/>
    <property name="sun.management.compiler" value="HotSpot 64-Bit Tiered Compilers"/>
    <property name="java.runtime.version" value="1.8.0_231-b11"/>
    <property name="user.name" value="fangang"/>
    <property name="path.separator" value=";"/>
    <property name="os.version" value="10.0"/>
    <property name="java.endorsed.dirs" value="C:\Program Files\Java\jdk1.8.0_231\jre\lib\endorsed"/>
    <property name="java.runtime.name" value="Java(TM) SE Runtime Environment"/>
    <property name="file.encoding" value="GBK"/>
    <property name="java.vm.name" value="Java HotSpot(TM) 64-Bit Server VM"/>
    <property name="localRepository" value="C:\Users\fangang\.m2\repository"/>
    <property name="java.vendor.url.bug" value="http://bugreport.sun.com/bugreport/"/>
    <property name="java.io.tmpdir" value="C:\Users\fangang\AppData\Local\Temp\"/>
    <property name="idea.version" value="2021.2"/>
    <property name="java.version" value="1.8.0_231"/>
    <property name="user.dir" value="C:\Development\idea\edev\edev-alibaba-trade\edev-alibaba-trade-customer"/>
    <property name="os.arch" value="amd64"/>
    <property name="java.vm.specification.name" value="Java Virtual Machine Specification"/>
    <property name="java.awt.printerjob" value="sun.awt.windows.WPrinterJob"/>
    <property name="sun.os.patch.level" value=""/>
    <property name="java.library.path" value="C:\Program Files\Java\jdk1.8.0_231\jre\bin;C:\WINDOWS\Sun\Java\bin;C:\WINDOWS\system32;C:\WINDOWS;C:\Python39\Scripts\;C:\Python39\;C:\Program Files (x86)\Common Files\NetSarang;C:\Program Files (x86)\Common Files\Oracle\Java\javapath;C:\WINDOWS\system32;C:\WINDOWS;C:\WINDOWS\System32\Wbem;C:\WINDOWS\System32\WindowsPowerShell\v1.0\;C:\WINDOWS\System32\OpenSSH\;C:\Program Files\Intel\WiFi\bin\;C:\Program Files\Common Files\Intel\WirelessCommon\;C:\Program Files\Java\jdk1.8.0_231\bin;C:\Program Files\nodejs\;C:\ProgramData\chocolatey\bin;C:\MinGW\bin;C:\Program Files\Git\cmd;C:\MinGW\bin;C:\Users\fangang\AppData\Local\Microsoft\WindowsApps;C:\Users\fangang\AppData\Roaming\npm;C:\Users\fangang\AppData\Local\Programs\Microsoft VS Code\bin;."/>
    <property name="java.vm.info" value="mixed mode"/>
    <property name="java.vendor" value="Oracle Corporation"/>
    <property name="java.vm.version" value="25.231-b11"/>
    <property name="java.ext.dirs" value="C:\Program Files\Java\jdk1.8.0_231\jre\lib\ext;C:\WINDOWS\Sun\Java\lib\ext"/>
    <property name="sun.io.unicode.encoding" value="UnicodeLittle"/>
    <property name="java.class.version" value="52.0"/>
  </properties>
  <testcase name="testSaveAndDelete" classname="com.edev.trade.customer.web.CustomerMvcTest" time="0.779"/>
  <testcase name="testSaveAndDeleteForJsonList" classname="com.edev.trade.customer.web.CustomerMvcTest" time="1.211"/>
  <testcase name="testSaveAndDeleteWithAddress" classname="com.edev.trade.customer.web.CustomerMvcTest" time="1.116"/>
  <testcase name="testSaveAndDeleteForList" classname="com.edev.trade.customer.web.CustomerMvcTest" time="1.16"/>
</testsuite>